<?xml version="1.0" encoding="UTF-8" ?>
<testsuite tests="1" failures="0" name="edu.lehigh.cse216.yis223.admin.AppTest" time="0.023" errors="1" skipped="0">
  <properties>
[...]
</properties>
  <testcase classname="edu.lehigh.cse216.yis223.admin.AppTest" name="testDB" time="0.023">
    <error message="Cannot invoke &quot;String.split(String)&quot; because the return value of &quot;java.net.URI.getUserInfo()&quot; is null" type="java.lang.NullPointerException">java.lang.NullPointerException: Cannot invoke &quot;String.split(String)&quot; because the return value of &quot;java.net.URI.getUserInfo()&quot; is null
	at edu.lehigh.cse216.yis223.admin.Database.getDatabase(Database.java:282)
	at edu.lehigh.cse216.yis223.admin.AppTest.testDB(AppTest.java:53)
</error>
  </testcase>
</testsuite>